<?xml version="1.0" encoding="UTF-8"?>
<testsuite xmlns:xsi="http://www.w3.org/2001/XMLSchema-instance" xsi:noNamespaceSchemaLocation="https://maven.apache.org/surefire/maven-surefire-plugin/xsd/surefire-test-report.xsd" name="com.training.demo.AssertionsDemoTests" time="0.13" tests="9" errors="0" skipped="0" failures="2">
  <properties>
[...]
</properties>
  <testcase name="exceptionTesting" classname="com.training.demo.AssertionsDemoTests" time="0"/>
  <testcase name="groupedAssertions" classname="com.training.demo.AssertionsDemoTests" time="0.003"/>
  <testcase name="timeoutExceededWithPreemptiveTermination" classname="com.training.demo.AssertionsDemoTests" time="0.021">
    <failure message="execution timed out after 10 ms" type="org.opentest4j.AssertionFailedError">org.opentest4j.AssertionFailedError: execution timed out after 10 ms
	at com.training.demo.AssertionsDemoTests.timeoutExceededWithPreemptiveTermination(AssertionsDemoTests.java:117)
Caused by: org.junit.jupiter.api.AssertTimeout$ExecutionTimeoutException: Execution timed out in thread junit-timeout-thread-1
	at app//com.training.demo.AssertionsDemoTests.lambda$timeoutExceededWithPreemptiveTermination$13(AssertionsDemoTests.java:119)
</failure>
  </testcase>
  <testcase name="timeoutExceeded" classname="com.training.demo.AssertionsDemoTests" time="0.102">
    <failure message="execution exceeded timeout of 10 ms by 92 ms" type="org.opentest4j.AssertionFailedError">org.opentest4j.AssertionFailedError: execution exceeded timeout of 10 ms by 92 ms
	at com.training.demo.AssertionsDemoTests.timeoutExceeded(AssertionsDemoTests.java:107)
</failure>
  </testcase>
  <testcase name="dependentAssertions" classname="com.training.demo.AssertionsDemoTests" time="0.001"/>
  <testcase name="timeoutNotExceeded" classname="com.training.demo.AssertionsDemoTests" time="0"/>
  <testcase name="timeoutNotExceededWithMethod" classname="com.training.demo.AssertionsDemoTests" time="0"/>
  <testcase name="standardAssertions" classname="com.training.demo.AssertionsDemoTests" time="0.001"/>
  <testcase name="timeoutNotExceededWithResult" classname="com.training.demo.AssertionsDemoTests" time="0"/>
</testsuite>