<?xml version="1.0" encoding="UTF-8"?>
<testsuite xmlns:xsi="http://www.w3.org/2001/XMLSchema-instance" xsi:noNamespaceSchemaLocation="https://maven.apache.org/surefire/maven-surefire-plugin/xsd/surefire-test-report.xsd" name="com.training.demo.AssertionsDemoTests" time="0.13" tests="9" errors="0" skipped="0" failures="2">
  <properties>
    <property name="java.specification.version" value="17"/>
    <property name="sun.jnu.encoding" value="UTF-8"/>
    <property name="java.class.path" value="/Users/shreshttbhatt/ET_Training/Maven/MavenJUnitExample/target/test-classes:/Users/shreshttbhatt/ET_Training/Maven/MavenJUnitExample/target/classes:/Users/shreshttbhatt/.m2/repository/org/junit/jupiter/junit-jupiter/5.8.1/junit-jupiter-5.8.1.jar:/Users/shreshttbhatt/.m2/repository/org/junit/jupiter/junit-jupiter-api/5.8.1/junit-jupiter-api-5.8.1.jar:/Users/shreshttbhatt/.m2/repository/org/opentest4j/opentest4j/1.2.0/opentest4j-1.2.0.jar:/Users/shreshttbhatt/.m2/repository/org/junit/platform/junit-platform-commons/1.8.1/junit-platform-commons-1.8.1.jar:/Users/shreshttbhatt/.m2/repository/org/apiguardian/apiguardian-api/1.1.2/apiguardian-api-1.1.2.jar:/Users/shreshttbhatt/.m2/repository/org/junit/jupiter/junit-jupiter-params/5.8.1/junit-jupiter-params-5.8.1.jar:/Users/shreshttbhatt/.m2/repository/org/junit/jupiter/junit-jupiter-engine/5.8.1/junit-jupiter-engine-5.8.1.jar:/Users/shreshttbhatt/.m2/repository/org/junit/platform/junit-platform-engine/1.8.1/junit-platform-engine-1.8.1.jar:/Users/shreshttbhatt/.m2/repository/org/apache/commons/commons-lang3/3.12.0/commons-lang3-3.12.0.jar:/Users/shreshttbhatt/.m2/repository/org/apache/logging/log4j/log4j-core/2.14.1/log4j-core-2.14.1.jar:/Users/shreshttbhatt/.m2/repository/org/apache/logging/log4j/log4j-api/2.14.1/log4j-api-2.14.1.jar:"/>
    <property name="java.vm.vendor" value="Homebrew"/>
    <property name="sun.arch.data.model" value="64"/>
    <property name="java.vendor.url" value="https://github.com/Homebrew/homebrew-core/issues"/>
    <property name="os.name" value="Mac OS X"/>
    <property name="java.vm.specification.version" value="17"/>
    <property name="sun.java.launcher" value="SUN_STANDARD"/>
    <property name="user.country" value="IN"/>
    <property name="sun.boot.library.path" value="/usr/local/Cellar/openjdk/17/libexec/openjdk.jdk/Contents/Home/lib"/>
    <property name="sun.java.command" value="/Users/shreshttbhatt/ET_Training/Maven/MavenJUnitExample/target/surefire/surefirebooter14147657115768629088.jar /Users/shreshttbhatt/ET_Training/Maven/MavenJUnitExample/target/surefire 2021-10-10T17-40-30_636-jvmRun1 surefire15848302008897835110tmp surefire_011130379780366575921tmp"/>
    <property name="jdk.debug" value="release"/>
    <property name="surefire.test.class.path" value="/Users/shreshttbhatt/ET_Training/Maven/MavenJUnitExample/target/test-classes:/Users/shreshttbhatt/ET_Training/Maven/MavenJUnitExample/target/classes:/Users/shreshttbhatt/.m2/repository/org/junit/jupiter/junit-jupiter/5.8.1/junit-jupiter-5.8.1.jar:/Users/shreshttbhatt/.m2/repository/org/junit/jupiter/junit-jupiter-api/5.8.1/junit-jupiter-api-5.8.1.jar:/Users/shreshttbhatt/.m2/repository/org/opentest4j/opentest4j/1.2.0/opentest4j-1.2.0.jar:/Users/shreshttbhatt/.m2/repository/org/junit/platform/junit-platform-commons/1.8.1/junit-platform-commons-1.8.1.jar:/Users/shreshttbhatt/.m2/repository/org/apiguardian/apiguardian-api/1.1.2/apiguardian-api-1.1.2.jar:/Users/shreshttbhatt/.m2/repository/org/junit/jupiter/junit-jupiter-params/5.8.1/junit-jupiter-params-5.8.1.jar:/Users/shreshttbhatt/.m2/repository/org/junit/jupiter/junit-jupiter-engine/5.8.1/junit-jupiter-engine-5.8.1.jar:/Users/shreshttbhatt/.m2/repository/org/junit/platform/junit-platform-engine/1.8.1/junit-platform-engine-1.8.1.jar:/Users/shreshttbhatt/.m2/repository/org/apache/commons/commons-lang3/3.12.0/commons-lang3-3.12.0.jar:/Users/shreshttbhatt/.m2/repository/org/apache/logging/log4j/log4j-core/2.14.1/log4j-core-2.14.1.jar:/Users/shreshttbhatt/.m2/repository/org/apache/logging/log4j/log4j-api/2.14.1/log4j-api-2.14.1.jar:"/>
    <property name="sun.cpu.endian" value="little"/>
    <property name="user.home" value="/Users/shreshttbhatt"/>
    <property name="user.language" value="en"/>
    <property name="java.specification.vendor" value="Oracle Corporation"/>
    <property name="java.version.date" value="2021-09-14"/>
    <property name="java.home" value="/usr/local/Cellar/openjdk/17/libexec/openjdk.jdk/Contents/Home"/>
    <property name="file.separator" value="/"/>
    <property name="basedir" value="/Users/shreshttbhatt/ET_Training/Maven/MavenJUnitExample"/>
    <property name="java.vm.compressedOopsMode" value="Zero based"/>
    <property name="line.separator" value="&#10;"/>
    <property name="java.vm.specification.vendor" value="Oracle Corporation"/>
    <property name="java.specification.name" value="Java Platform API Specification"/>
    <property name="surefire.real.class.path" value="/Users/shreshttbhatt/ET_Training/Maven/MavenJUnitExample/target/surefire/surefirebooter14147657115768629088.jar"/>
    <property name="sun.management.compiler" value="HotSpot 64-Bit Tiered Compilers"/>
    <property name="java.runtime.version" value="17+0"/>
    <property name="user.name" value="shreshttbhatt"/>
    <property name="path.separator" value=":"/>
    <property name="os.version" value="11.5.2"/>
    <property name="java.runtime.name" value="OpenJDK Runtime Environment"/>
    <property name="file.encoding" value="UTF-8"/>
    <property name="java.vm.name" value="OpenJDK 64-Bit Server VM"/>
    <property name="java.vendor.version" value="Homebrew"/>
    <property name="localRepository" value="/Users/shreshttbhatt/.m2/repository"/>
    <property name="java.vendor.url.bug" value="https://github.com/Homebrew/homebrew-core/issues"/>
    <property name="java.io.tmpdir" value="/var/folders/8j/rjmz4lm52v59f1mc_m9dwj080000gn/T/"/>
    <property name="java.version" value="17"/>
    <property name="user.dir" value="/Users/shreshttbhatt/ET_Training/Maven/MavenJUnitExample"/>
    <property name="os.arch" value="x86_64"/>
    <property name="java.vm.specification.name" value="Java Virtual Machine Specification"/>
    <property name="native.encoding" value="UTF-8"/>
    <property name="java.library.path" value="/Users/shreshttbhatt/Library/Java/Extensions:/Library/Java/Extensions:/Network/Library/Java/Extensions:/System/Library/Java/Extensions:/usr/lib/java:."/>
    <property name="java.vm.info" value="mixed mode, sharing"/>
    <property name="java.vendor" value="Homebrew"/>
    <property name="java.vm.version" value="17+0"/>
    <property name="sun.io.unicode.encoding" value="UnicodeBig"/>
    <property name="java.class.version" value="61.0"/>
  </properties>
  <testcase name="exceptionTesting" classname="com.training.demo.AssertionsDemoTests" time="0"/>
  <testcase name="groupedAssertions" classname="com.training.demo.AssertionsDemoTests" time="0.003"/>
  <testcase name="timeoutExceededWithPreemptiveTermination" classname="com.training.demo.AssertionsDemoTests" time="0.021">
    <failure message="execution timed out after 10 ms" type="org.opentest4j.AssertionFailedError">org.opentest4j.AssertionFailedError: execution timed out after 10 ms
	at com.training.demo.AssertionsDemoTests.timeoutExceededWithPreemptiveTermination(AssertionsDemoTests.java:117)
Caused by: org.junit.jupiter.api.AssertTimeout$ExecutionTimeoutException: Execution timed out in thread junit-timeout-thread-1
	at app//com.training.demo.AssertionsDemoTests.lambda$timeoutExceededWithPreemptiveTermination$13(AssertionsDemoTests.java:119)
</failure>
  </testcase>
  <testcase name="timeoutExceeded" classname="com.training.demo.AssertionsDemoTests" time="0.102">
    <failure message="execution exceeded timeout of 10 ms by 92 ms" type="org.opentest4j.AssertionFailedError">org.opentest4j.AssertionFailedError: execution exceeded timeout of 10 ms by 92 ms
	at com.training.demo.AssertionsDemoTests.timeoutExceeded(AssertionsDemoTests.java:107)
</failure>
  </testcase>
  <testcase name="dependentAssertions" classname="com.training.demo.AssertionsDemoTests" time="0.001"/>
  <testcase name="timeoutNotExceeded" classname="com.training.demo.AssertionsDemoTests" time="0"/>
  <testcase name="timeoutNotExceededWithMethod" classname="com.training.demo.AssertionsDemoTests" time="0"/>
  <testcase name="standardAssertions" classname="com.training.demo.AssertionsDemoTests" time="0.001"/>
  <testcase name="timeoutNotExceededWithResult" classname="com.training.demo.AssertionsDemoTests" time="0"/>
</testsuite>