<?xml version="1.0" encoding="UTF-8"?>
<testsuite xmlns:xsi="http://www.w3.org/2001/XMLSchema-instance" xsi:noNamespaceSchemaLocation="https://maven.apache.org/surefire/maven-surefire-plugin/xsd/surefire-test-report.xsd" name="com.training.demo.DynamicTests" time="0.029" tests="46" errors="0" skipped="0" failures="0">
  <properties>
[...]
</properties>
  <testcase name="dynamicTestsFromStreamFactoryMethodWithNames[1]" classname="com.training.demo.DynamicTests" time="0"/>
  <testcase name="dynamicTestsFromStreamFactoryMethodWithNames[2]" classname="com.training.demo.DynamicTests" time="0.001"/>
  <testcase name="dynamicTestsFromStreamFactoryMethodWithNames[3]" classname="com.training.demo.DynamicTests" time="0"/>
  <testcase name="dynamicTestsFromStreamFactoryMethodWithNames[4]" classname="com.training.demo.DynamicTests" time="0"/>
  <testcase name="dynamicTestsWithContainers[1][1]" classname="com.training.demo.DynamicTests" time="0"/>
  <testcase name="dynamicTestsWithContainers[1][2][1]" classname="com.training.demo.DynamicTests" time="0"/>
  <testcase name="dynamicTestsWithContainers[1][2][2]" classname="com.training.demo.DynamicTests" time="0"/>
  <testcase name="dynamicTestsWithContainers[2][1]" classname="com.training.demo.DynamicTests" time="0"/>
  <testcase name="dynamicTestsWithContainers[2][2][1]" classname="com.training.demo.DynamicTests" time="0"/>
  <testcase name="dynamicTestsWithContainers[2][2][2]" classname="com.training.demo.DynamicTests" time="0"/>
  <testcase name="dynamicTestsWithContainers[3][1]" classname="com.training.demo.DynamicTests" time="0"/>
  <testcase name="dynamicTestsWithContainers[3][2][1]" classname="com.training.demo.DynamicTests" time="0"/>
  <testcase name="dynamicTestsWithContainers[3][2][2]" classname="com.training.demo.DynamicTests" time="0"/>
  <testcase name="dynamicNodeSingleTest[1]" classname="com.training.demo.DynamicTests" time="0"/>
  <testcase name="dynamicNodeSingleContainer[1][1]" classname="com.training.demo.DynamicTests" time="0"/>
  <testcase name="dynamicNodeSingleContainer[1][2]" classname="com.training.demo.DynamicTests" time="0.001"/>
  <testcase name="dynamicNodeSingleContainer[1][3]" classname="com.training.demo.DynamicTests" time="0"/>
  <testcase name="dynamicNodeSingleContainer[1][4]" classname="com.training.demo.DynamicTests" time="0"/>
  <testcase name="dynamicTestsFromIntStream[1]" classname="com.training.demo.DynamicTests" time="0"/>
  <testcase name="dynamicTestsFromIntStream[2]" classname="com.training.demo.DynamicTests" time="0"/>
  <testcase name="dynamicTestsFromIntStream[3]" classname="com.training.demo.DynamicTests" time="0"/>
  <testcase name="dynamicTestsFromIntStream[4]" classname="com.training.demo.DynamicTests" time="0"/>
  <testcase name="dynamicTestsFromIntStream[5]" classname="com.training.demo.DynamicTests" time="0"/>
  <testcase name="dynamicTestsFromIntStream[6]" classname="com.training.demo.DynamicTests" time="0"/>
  <testcase name="dynamicTestsFromIntStream[7]" classname="com.training.demo.DynamicTests" time="0"/>
  <testcase name="dynamicTestsFromIntStream[8]" classname="com.training.demo.DynamicTests" time="0"/>
  <testcase name="dynamicTestsFromIntStream[9]" classname="com.training.demo.DynamicTests" time="0"/>
  <testcase name="dynamicTestsFromIntStream[10]" classname="com.training.demo.DynamicTests" time="0.001"/>
  <testcase name="dynamicTestsFromStream[1]" classname="com.training.demo.DynamicTests" time="0"/>
  <testcase name="dynamicTestsFromStream[2]" classname="com.training.demo.DynamicTests" time="0"/>
  <testcase name="dynamicTestsFromStream[3]" classname="com.training.demo.DynamicTests" time="0"/>
  <testcase name="dynamicTestsFromStream[4]" classname="com.training.demo.DynamicTests" time="0.001"/>
  <testcase name="dynamicTestsFromStreamFactoryMethod[1]" classname="com.training.demo.DynamicTests" time="0"/>
  <testcase name="dynamicTestsFromStreamFactoryMethod[2]" classname="com.training.demo.DynamicTests" time="0"/>
  <testcase name="dynamicTestsFromStreamFactoryMethod[3]" classname="com.training.demo.DynamicTests" time="0"/>
  <testcase name="dynamicTestsFromStreamFactoryMethod[4]" classname="com.training.demo.DynamicTests" time="0"/>
  <testcase name="dynamicTestsFromIterable[1]" classname="com.training.demo.DynamicTests" time="0"/>
  <testcase name="dynamicTestsFromIterable[2]" classname="com.training.demo.DynamicTests" time="0"/>
  <testcase name="dynamicTestsFromIterator[1]" classname="com.training.demo.DynamicTests" time="0"/>
  <testcase name="dynamicTestsFromIterator[2]" classname="com.training.demo.DynamicTests" time="0"/>
  <testcase name="generateRandomNumberOfTestsFromIterator[1]" classname="com.training.demo.DynamicTests" time="0.001"/>
  <testcase name="generateRandomNumberOfTestsFromIterator[2]" classname="com.training.demo.DynamicTests" time="0"/>
  <testcase name="dynamicTestsFromArray[1]" classname="com.training.demo.DynamicTests" time="0"/>
  <testcase name="dynamicTestsFromArray[2]" classname="com.training.demo.DynamicTests" time="0.001"/>
  <testcase name="dynamicTestsFromCollection[1]" classname="com.training.demo.DynamicTests" time="0"/>
  <testcase name="dynamicTestsFromCollection[2]" classname="com.training.demo.DynamicTests" time="0"/>
</testsuite>